Analysis & Synthesis report for blocoControle
Wed Dec 02 15:40:07 2020
Quartus Prime Version 18.1.0 Build 625 09/12/2018 SJ Lite Edition


---------------------
; Table of Contents ;
---------------------
  1. Legal Notice
  2. Analysis & Synthesis Summary
  3. Analysis & Synthesis Settings
  4. Parallel Compilation
  5. Analysis & Synthesis Source Files Read
  6. Analysis & Synthesis Resource Usage Summary
  7. Analysis & Synthesis Resource Utilization by Entity
  8. State Machine - |blocoControle|estadoAtual
  9. Registers Removed During Synthesis
 10. Removed Registers Triggering Further Register Optimizations
 11. General Register Statistics
 12. Multiplexer Restructuring Statistics (Restructuring Performed)
 13. Post-Synthesis Netlist Statistics for Top Partition
 14. Elapsed Time Per Partition
 15. Analysis & Synthesis Messages



----------------
; Legal Notice ;
----------------
Copyright (C) 2018  Intel Corporation. All rights reserved.
Your use of Intel Corporation's design tools, logic functions 
and other software and tools, and its AMPP partner logic 
functions, and any output files from any of the foregoing 
(including device programming or simulation files), and any 
associated documentation or information are expressly subject 
to the terms and conditions of the Intel Program License 
Subscription Agreement, the Intel Quartus Prime License Agreement,
the Intel FPGA IP License Agreement, or other applicable license
agreement, including, without limitation, that your use is for
the sole purpose of programming logic devices manufactured by
Intel and sold by Intel or its authorized distributors.  Please
refer to the applicable agreement for further details.



+----------------------------------------------------------------------------------+
; Analysis & Synthesis Summary                                                     ;
+------------------------------------+---------------------------------------------+
; Analysis & Synthesis Status        ; Successful - Wed Dec 02 15:40:07 2020       ;
; Quartus Prime Version              ; 18.1.0 Build 625 09/12/2018 SJ Lite Edition ;
; Revision Name                      ; blocoControle                               ;
; Top-level Entity Name              ; blocoControle                               ;
; Family                             ; Cyclone IV E                                ;
; Total logic elements               ; 38                                          ;
;     Total combinational functions  ; 21                                          ;
;     Dedicated logic registers      ; 32                                          ;
; Total registers                    ; 32                                          ;
; Total pins                         ; 55                                          ;
; Total virtual pins                 ; 0                                           ;
; Total memory bits                  ; 0                                           ;
; Embedded Multiplier 9-bit elements ; 0                                           ;
; Total PLLs                         ; 0                                           ;
+------------------------------------+---------------------------------------------+


+------------------------------------------------------------------------------------------------------------+
; Analysis & Synthesis Settings                                                                              ;
+------------------------------------------------------------------+--------------------+--------------------+
; Option                                                           ; Setting            ; Default Value      ;
+------------------------------------------------------------------+--------------------+--------------------+
; Top-level entity name                                            ; blocoControle      ; blocoControle      ;
; Family name                                                      ; Cyclone IV E       ; Cyclone V          ;
; Use smart compilation                                            ; Off                ; Off                ;
; Enable parallel Assembler and Timing Analyzer during compilation ; On                 ; On                 ;
; Enable compact report table                                      ; Off                ; Off                ;
; Restructure Multiplexers                                         ; Auto               ; Auto               ;
; Create Debugging Nodes for IP Cores                              ; Off                ; Off                ;
; Preserve fewer node names                                        ; On                 ; On                 ;
; Intel FPGA IP Evaluation Mode                                    ; Enable             ; Enable             ;
; Verilog Version                                                  ; Verilog_2001       ; Verilog_2001       ;
; VHDL Version                                                     ; VHDL_1993          ; VHDL_1993          ;
; State Machine Processing                                         ; Auto               ; Auto               ;
; Safe State Machine                                               ; Off                ; Off                ;
; Extract Verilog State Machines                                   ; On                 ; On                 ;
; Extract VHDL State Machines                                      ; On                 ; On                 ;
; Ignore Verilog initial constructs                                ; Off                ; Off                ;
; Iteration limit for constant Verilog loops                       ; 5000               ; 5000               ;
; Iteration limit for non-constant Verilog loops                   ; 250                ; 250                ;
; Add Pass-Through Logic to Inferred RAMs                          ; On                 ; On                 ;
; Infer RAMs from Raw Logic                                        ; On                 ; On                 ;
; Parallel Synthesis                                               ; On                 ; On                 ;
; DSP Block Balancing                                              ; Auto               ; Auto               ;
; NOT Gate Push-Back                                               ; On                 ; On                 ;
; Power-Up Don't Care                                              ; On                 ; On                 ;
; Remove Redundant Logic Cells                                     ; Off                ; Off                ;
; Remove Duplicate Registers                                       ; On                 ; On                 ;
; Ignore CARRY Buffers                                             ; Off                ; Off                ;
; Ignore CASCADE Buffers                                           ; Off                ; Off                ;
; Ignore GLOBAL Buffers                                            ; Off                ; Off                ;
; Ignore ROW GLOBAL Buffers                                        ; Off                ; Off                ;
; Ignore LCELL Buffers                                             ; Off                ; Off                ;
; Ignore SOFT Buffers                                              ; On                 ; On                 ;
; Limit AHDL Integers to 32 Bits                                   ; Off                ; Off                ;
; Optimization Technique                                           ; Balanced           ; Balanced           ;
; Carry Chain Length                                               ; 70                 ; 70                 ;
; Auto Carry Chains                                                ; On                 ; On                 ;
; Auto Open-Drain Pins                                             ; On                 ; On                 ;
; Perform WYSIWYG Primitive Resynthesis                            ; Off                ; Off                ;
; Auto ROM Replacement                                             ; On                 ; On                 ;
; Auto RAM Replacement                                             ; On                 ; On                 ;
; Auto DSP Block Replacement                                       ; On                 ; On                 ;
; Auto Shift Register Replacement                                  ; Auto               ; Auto               ;
; Allow Shift Register Merging across Hierarchies                  ; Auto               ; Auto               ;
; Auto Clock Enable Replacement                                    ; On                 ; On                 ;
; Strict RAM Replacement                                           ; Off                ; Off                ;
; Allow Synchronous Control Signals                                ; On                 ; On                 ;
; Force Use of Synchronous Clear Signals                           ; Off                ; Off                ;
; Auto RAM Block Balancing                                         ; On                 ; On                 ;
; Auto RAM to Logic Cell Conversion                                ; Off                ; Off                ;
; Auto Resource Sharing                                            ; Off                ; Off                ;
; Allow Any RAM Size For Recognition                               ; Off                ; Off                ;
; Allow Any ROM Size For Recognition                               ; Off                ; Off                ;
; Allow Any Shift Register Size For Recognition                    ; Off                ; Off                ;
; Use LogicLock Constraints during Resource Balancing              ; On                 ; On                 ;
; Ignore translate_off and synthesis_off directives                ; Off                ; Off                ;
; Timing-Driven Synthesis                                          ; On                 ; On                 ;
; Report Parameter Settings                                        ; On                 ; On                 ;
; Report Source Assignments                                        ; On                 ; On                 ;
; Report Connectivity Checks                                       ; On                 ; On                 ;
; Ignore Maximum Fan-Out Assignments                               ; Off                ; Off                ;
; Synchronization Register Chain Length                            ; 2                  ; 2                  ;
; Power Optimization During Synthesis                              ; Normal compilation ; Normal compilation ;
; HDL message level                                                ; Level2             ; Level2             ;
; Suppress Register Optimization Related Messages                  ; Off                ; Off                ;
; Number of Removed Registers Reported in Synthesis Report         ; 5000               ; 5000               ;
; Number of Swept Nodes Reported in Synthesis Report               ; 5000               ; 5000               ;
; Number of Inverted Registers Reported in Synthesis Report        ; 100                ; 100                ;
; Clock MUX Protection                                             ; On                 ; On                 ;
; Auto Gated Clock Conversion                                      ; Off                ; Off                ;
; Block Design Naming                                              ; Auto               ; Auto               ;
; SDC constraint protection                                        ; Off                ; Off                ;
; Synthesis Effort                                                 ; Auto               ; Auto               ;
; Shift Register Replacement - Allow Asynchronous Clear Signal     ; On                 ; On                 ;
; Pre-Mapping Resynthesis Optimization                             ; Off                ; Off                ;
; Analysis & Synthesis Message Level                               ; Medium             ; Medium             ;
; Disable Register Merging Across Hierarchies                      ; Auto               ; Auto               ;
; Resource Aware Inference For Block RAM                           ; On                 ; On                 ;
+------------------------------------------------------------------+--------------------+--------------------+


+------------------------------------------+
; Parallel Compilation                     ;
+----------------------------+-------------+
; Processors                 ; Number      ;
+----------------------------+-------------+
; Number detected on machine ; 12          ;
; Maximum allowed            ; 12          ;
;                            ;             ;
; Average used               ; 1.00        ;
; Maximum used               ; 12          ;
;                            ;             ;
; Usage by Processor         ; % Time Used ;
;     Processor 1            ; 100.0%      ;
;     Processors 2-12        ;   0.0%      ;
+----------------------------+-------------+


+------------------------------------------------------------------------------------------------------------------------------------------+
; Analysis & Synthesis Source Files Read                                                                                                   ;
+----------------------------------+-----------------+-----------------+---------------------------------------------------------+---------+
; File Name with User-Entered Path ; Used in Netlist ; File Type       ; File Name with Absolute Path                            ; Library ;
+----------------------------------+-----------------+-----------------+---------------------------------------------------------+---------+
; blocoControle.vhd                ; yes             ; User VHDL File  ; C:/Users/Arthur/Desktop/blocoControle/blocoControle.vhd ;         ;
; pkg_Estado.vhd                   ; yes             ; User VHDL File  ; C:/Users/Arthur/Desktop/blocoControle/pkg_Estado.vhd    ;         ;
+----------------------------------+-----------------+-----------------+---------------------------------------------------------+---------+


+---------------------------------------------------------+
; Analysis & Synthesis Resource Usage Summary             ;
+---------------------------------------------+-----------+
; Resource                                    ; Usage     ;
+---------------------------------------------+-----------+
; Estimated Total logic elements              ; 38        ;
;                                             ;           ;
; Total combinational functions               ; 21        ;
; Logic element usage by number of LUT inputs ;           ;
;     -- 4 input functions                    ; 4         ;
;     -- 3 input functions                    ; 3         ;
;     -- <=2 input functions                  ; 14        ;
;                                             ;           ;
; Logic elements by mode                      ;           ;
;     -- normal mode                          ; 21        ;
;     -- arithmetic mode                      ; 0         ;
;                                             ;           ;
; Total registers                             ; 32        ;
;     -- Dedicated logic registers            ; 32        ;
;     -- I/O registers                        ; 0         ;
;                                             ;           ;
; I/O pins                                    ; 55        ;
;                                             ;           ;
; Embedded Multiplier 9-bit elements          ; 0         ;
;                                             ;           ;
; Maximum fan-out node                        ; clk~input ;
; Maximum fan-out                             ; 32        ;
; Total fan-out                               ; 212       ;
; Average fan-out                             ; 1.30      ;
+---------------------------------------------+-----------+


+------------------------------------------------------------------------------------------------------------------------------------------------------------------------------------------------------------+
; Analysis & Synthesis Resource Utilization by Entity                                                                                                                                                        ;
+----------------------------+---------------------+---------------------------+-------------+--------------+---------+-----------+------+--------------+---------------------+---------------+--------------+
; Compilation Hierarchy Node ; Combinational ALUTs ; Dedicated Logic Registers ; Memory Bits ; DSP Elements ; DSP 9x9 ; DSP 18x18 ; Pins ; Virtual Pins ; Full Hierarchy Name ; Entity Name   ; Library Name ;
+----------------------------+---------------------+---------------------------+-------------+--------------+---------+-----------+------+--------------+---------------------+---------------+--------------+
; |blocoControle             ; 21 (21)             ; 32 (32)                   ; 0           ; 0            ; 0       ; 0         ; 55   ; 0            ; |blocoControle      ; blocoControle ; work         ;
+----------------------------+---------------------+---------------------------+-------------+--------------+---------+-----------+------+--------------+---------------------+---------------+--------------+
Note: For table entries with two numbers listed, the numbers in parentheses indicate the number of resources of the given type used by the specific entity alone. The numbers listed outside of parentheses indicate the total resources of the given type used by the specific entity and all of its sub-entities in the hierarchy.


Encoding Type:  One-Hot
+----------------------------------------------------------------------------------------------------------------------------------------------------------------------------------------------------------------------------------------------------------------------------------------------------------------------------------------------------------------------------------------------------------------------------------------------------------------------------------------------------------------------------------------------------------------------------------------------------------------------------------------------------------------------------------------------+
; State Machine - |blocoControle|estadoAtual                                                                                                                                                                                                                                                                                                                                                                                                                                                                                                                                                                                                                                                   ;
+-------------------+------------------+-------------------+------------------+------------------+------------------+------------------+------------------+------------------+------------------+------------------+------------------+------------------+------------------+------------------+------------------+------------------+------------------+-------------------+------------------+------------------+------------------+-------------------+------------------+------------------+-------------------+------------------+------------------+------------------+------------------+------------------+------------------+-------------------+------------------+------------------+
; Name              ; estadoAtual.SL28 ; estadoAtual.SL27a ; estadoAtual.SL27 ; estadoAtual.SL26 ; estadoAtual.SL25 ; estadoAtual.SL24 ; estadoAtual.SL23 ; estadoAtual.SL22 ; estadoAtual.SL21 ; estadoAtual.SL20 ; estadoAtual.SL19 ; estadoAtual.SL18 ; estadoAtual.SL17 ; estadoAtual.SL16 ; estadoAtual.SL15 ; estadoAtual.SL14 ; estadoAtual.SL13 ; estadoAtual.SL12a ; estadoAtual.SL12 ; estadoAtual.SL11 ; estadoAtual.SL10 ; estadoAtual.SL09a ; estadoAtual.SL09 ; estadoAtual.SL08 ; estadoAtual.SL07a ; estadoAtual.SL07 ; estadoAtual.SL06 ; estadoAtual.SL05 ; estadoAtual.SL04 ; estadoAtual.SL03 ; estadoAtual.SL02 ; estadoAtual.SL01a ; estadoAtual.SL00 ; estadoAtual.SL01 ;
+-------------------+------------------+-------------------+------------------+------------------+------------------+------------------+------------------+------------------+------------------+------------------+------------------+------------------+------------------+------------------+------------------+------------------+------------------+-------------------+------------------+------------------+------------------+-------------------+------------------+------------------+-------------------+------------------+------------------+------------------+------------------+------------------+------------------+-------------------+------------------+------------------+
; estadoAtual.SL01  ; 0                ; 0                 ; 0                ; 0                ; 0                ; 0                ; 0                ; 0                ; 0                ; 0                ; 0                ; 0                ; 0                ; 0                ; 0                ; 0                ; 0                ; 0                 ; 0                ; 0                ; 0                ; 0                 ; 0                ; 0                ; 0                 ; 0                ; 0                ; 0                ; 0                ; 0                ; 0                ; 0                 ; 0                ; 0                ;
; estadoAtual.SL00  ; 0                ; 0                 ; 0                ; 0                ; 0                ; 0                ; 0                ; 0                ; 0                ; 0                ; 0                ; 0                ; 0                ; 0                ; 0                ; 0                ; 0                ; 0                 ; 0                ; 0                ; 0                ; 0                 ; 0                ; 0                ; 0                 ; 0                ; 0                ; 0                ; 0                ; 0                ; 0                ; 0                 ; 1                ; 1                ;
; estadoAtual.SL01a ; 0                ; 0                 ; 0                ; 0                ; 0                ; 0                ; 0                ; 0                ; 0                ; 0                ; 0                ; 0                ; 0                ; 0                ; 0                ; 0                ; 0                ; 0                 ; 0                ; 0                ; 0                ; 0                 ; 0                ; 0                ; 0                 ; 0                ; 0                ; 0                ; 0                ; 0                ; 0                ; 1                 ; 0                ; 1                ;
; estadoAtual.SL02  ; 0                ; 0                 ; 0                ; 0                ; 0                ; 0                ; 0                ; 0                ; 0                ; 0                ; 0                ; 0                ; 0                ; 0                ; 0                ; 0                ; 0                ; 0                 ; 0                ; 0                ; 0                ; 0                 ; 0                ; 0                ; 0                 ; 0                ; 0                ; 0                ; 0                ; 0                ; 1                ; 0                 ; 0                ; 1                ;
; estadoAtual.SL03  ; 0                ; 0                 ; 0                ; 0                ; 0                ; 0                ; 0                ; 0                ; 0                ; 0                ; 0                ; 0                ; 0                ; 0                ; 0                ; 0                ; 0                ; 0                 ; 0                ; 0                ; 0                ; 0                 ; 0                ; 0                ; 0                 ; 0                ; 0                ; 0                ; 0                ; 1                ; 0                ; 0                 ; 0                ; 1                ;
; estadoAtual.SL04  ; 0                ; 0                 ; 0                ; 0                ; 0                ; 0                ; 0                ; 0                ; 0                ; 0                ; 0                ; 0                ; 0                ; 0                ; 0                ; 0                ; 0                ; 0                 ; 0                ; 0                ; 0                ; 0                 ; 0                ; 0                ; 0                 ; 0                ; 0                ; 0                ; 1                ; 0                ; 0                ; 0                 ; 0                ; 1                ;
; estadoAtual.SL05  ; 0                ; 0                 ; 0                ; 0                ; 0                ; 0                ; 0                ; 0                ; 0                ; 0                ; 0                ; 0                ; 0                ; 0                ; 0                ; 0                ; 0                ; 0                 ; 0                ; 0                ; 0                ; 0                 ; 0                ; 0                ; 0                 ; 0                ; 0                ; 1                ; 0                ; 0                ; 0                ; 0                 ; 0                ; 1                ;
; estadoAtual.SL06  ; 0                ; 0                 ; 0                ; 0                ; 0                ; 0                ; 0                ; 0                ; 0                ; 0                ; 0                ; 0                ; 0                ; 0                ; 0                ; 0                ; 0                ; 0                 ; 0                ; 0                ; 0                ; 0                 ; 0                ; 0                ; 0                 ; 0                ; 1                ; 0                ; 0                ; 0                ; 0                ; 0                 ; 0                ; 1                ;
; estadoAtual.SL07  ; 0                ; 0                 ; 0                ; 0                ; 0                ; 0                ; 0                ; 0                ; 0                ; 0                ; 0                ; 0                ; 0                ; 0                ; 0                ; 0                ; 0                ; 0                 ; 0                ; 0                ; 0                ; 0                 ; 0                ; 0                ; 0                 ; 1                ; 0                ; 0                ; 0                ; 0                ; 0                ; 0                 ; 0                ; 1                ;
; estadoAtual.SL07a ; 0                ; 0                 ; 0                ; 0                ; 0                ; 0                ; 0                ; 0                ; 0                ; 0                ; 0                ; 0                ; 0                ; 0                ; 0                ; 0                ; 0                ; 0                 ; 0                ; 0                ; 0                ; 0                 ; 0                ; 0                ; 1                 ; 0                ; 0                ; 0                ; 0                ; 0                ; 0                ; 0                 ; 0                ; 1                ;
; estadoAtual.SL08  ; 0                ; 0                 ; 0                ; 0                ; 0                ; 0                ; 0                ; 0                ; 0                ; 0                ; 0                ; 0                ; 0                ; 0                ; 0                ; 0                ; 0                ; 0                 ; 0                ; 0                ; 0                ; 0                 ; 0                ; 1                ; 0                 ; 0                ; 0                ; 0                ; 0                ; 0                ; 0                ; 0                 ; 0                ; 1                ;
; estadoAtual.SL09  ; 0                ; 0                 ; 0                ; 0                ; 0                ; 0                ; 0                ; 0                ; 0                ; 0                ; 0                ; 0                ; 0                ; 0                ; 0                ; 0                ; 0                ; 0                 ; 0                ; 0                ; 0                ; 0                 ; 1                ; 0                ; 0                 ; 0                ; 0                ; 0                ; 0                ; 0                ; 0                ; 0                 ; 0                ; 1                ;
; estadoAtual.SL09a ; 0                ; 0                 ; 0                ; 0                ; 0                ; 0                ; 0                ; 0                ; 0                ; 0                ; 0                ; 0                ; 0                ; 0                ; 0                ; 0                ; 0                ; 0                 ; 0                ; 0                ; 0                ; 1                 ; 0                ; 0                ; 0                 ; 0                ; 0                ; 0                ; 0                ; 0                ; 0                ; 0                 ; 0                ; 1                ;
; estadoAtual.SL10  ; 0                ; 0                 ; 0                ; 0                ; 0                ; 0                ; 0                ; 0                ; 0                ; 0                ; 0                ; 0                ; 0                ; 0                ; 0                ; 0                ; 0                ; 0                 ; 0                ; 0                ; 1                ; 0                 ; 0                ; 0                ; 0                 ; 0                ; 0                ; 0                ; 0                ; 0                ; 0                ; 0                 ; 0                ; 1                ;
; estadoAtual.SL11  ; 0                ; 0                 ; 0                ; 0                ; 0                ; 0                ; 0                ; 0                ; 0                ; 0                ; 0                ; 0                ; 0                ; 0                ; 0                ; 0                ; 0                ; 0                 ; 0                ; 1                ; 0                ; 0                 ; 0                ; 0                ; 0                 ; 0                ; 0                ; 0                ; 0                ; 0                ; 0                ; 0                 ; 0                ; 1                ;
; estadoAtual.SL12  ; 0                ; 0                 ; 0                ; 0                ; 0                ; 0                ; 0                ; 0                ; 0                ; 0                ; 0                ; 0                ; 0                ; 0                ; 0                ; 0                ; 0                ; 0                 ; 1                ; 0                ; 0                ; 0                 ; 0                ; 0                ; 0                 ; 0                ; 0                ; 0                ; 0                ; 0                ; 0                ; 0                 ; 0                ; 1                ;
; estadoAtual.SL12a ; 0                ; 0                 ; 0                ; 0                ; 0                ; 0                ; 0                ; 0                ; 0                ; 0                ; 0                ; 0                ; 0                ; 0                ; 0                ; 0                ; 0                ; 1                 ; 0                ; 0                ; 0                ; 0                 ; 0                ; 0                ; 0                 ; 0                ; 0                ; 0                ; 0                ; 0                ; 0                ; 0                 ; 0                ; 1                ;
; estadoAtual.SL13  ; 0                ; 0                 ; 0                ; 0                ; 0                ; 0                ; 0                ; 0                ; 0                ; 0                ; 0                ; 0                ; 0                ; 0                ; 0                ; 0                ; 1                ; 0                 ; 0                ; 0                ; 0                ; 0                 ; 0                ; 0                ; 0                 ; 0                ; 0                ; 0                ; 0                ; 0                ; 0                ; 0                 ; 0                ; 1                ;
; estadoAtual.SL14  ; 0                ; 0                 ; 0                ; 0                ; 0                ; 0                ; 0                ; 0                ; 0                ; 0                ; 0                ; 0                ; 0                ; 0                ; 0                ; 1                ; 0                ; 0                 ; 0                ; 0                ; 0                ; 0                 ; 0                ; 0                ; 0                 ; 0                ; 0                ; 0                ; 0                ; 0                ; 0                ; 0                 ; 0                ; 1                ;
; estadoAtual.SL15  ; 0                ; 0                 ; 0                ; 0                ; 0                ; 0                ; 0                ; 0                ; 0                ; 0                ; 0                ; 0                ; 0                ; 0                ; 1                ; 0                ; 0                ; 0                 ; 0                ; 0                ; 0                ; 0                 ; 0                ; 0                ; 0                 ; 0                ; 0                ; 0                ; 0                ; 0                ; 0                ; 0                 ; 0                ; 1                ;
; estadoAtual.SL16  ; 0                ; 0                 ; 0                ; 0                ; 0                ; 0                ; 0                ; 0                ; 0                ; 0                ; 0                ; 0                ; 0                ; 1                ; 0                ; 0                ; 0                ; 0                 ; 0                ; 0                ; 0                ; 0                 ; 0                ; 0                ; 0                 ; 0                ; 0                ; 0                ; 0                ; 0                ; 0                ; 0                 ; 0                ; 1                ;
; estadoAtual.SL17  ; 0                ; 0                 ; 0                ; 0                ; 0                ; 0                ; 0                ; 0                ; 0                ; 0                ; 0                ; 0                ; 1                ; 0                ; 0                ; 0                ; 0                ; 0                 ; 0                ; 0                ; 0                ; 0                 ; 0                ; 0                ; 0                 ; 0                ; 0                ; 0                ; 0                ; 0                ; 0                ; 0                 ; 0                ; 1                ;
; estadoAtual.SL18  ; 0                ; 0                 ; 0                ; 0                ; 0                ; 0                ; 0                ; 0                ; 0                ; 0                ; 0                ; 1                ; 0                ; 0                ; 0                ; 0                ; 0                ; 0                 ; 0                ; 0                ; 0                ; 0                 ; 0                ; 0                ; 0                 ; 0                ; 0                ; 0                ; 0                ; 0                ; 0                ; 0                 ; 0                ; 1                ;
; estadoAtual.SL19  ; 0                ; 0                 ; 0                ; 0                ; 0                ; 0                ; 0                ; 0                ; 0                ; 0                ; 1                ; 0                ; 0                ; 0                ; 0                ; 0                ; 0                ; 0                 ; 0                ; 0                ; 0                ; 0                 ; 0                ; 0                ; 0                 ; 0                ; 0                ; 0                ; 0                ; 0                ; 0                ; 0                 ; 0                ; 1                ;
; estadoAtual.SL20  ; 0                ; 0                 ; 0                ; 0                ; 0                ; 0                ; 0                ; 0                ; 0                ; 1                ; 0                ; 0                ; 0                ; 0                ; 0                ; 0                ; 0                ; 0                 ; 0                ; 0                ; 0                ; 0                 ; 0                ; 0                ; 0                 ; 0                ; 0                ; 0                ; 0                ; 0                ; 0                ; 0                 ; 0                ; 1                ;
; estadoAtual.SL21  ; 0                ; 0                 ; 0                ; 0                ; 0                ; 0                ; 0                ; 0                ; 1                ; 0                ; 0                ; 0                ; 0                ; 0                ; 0                ; 0                ; 0                ; 0                 ; 0                ; 0                ; 0                ; 0                 ; 0                ; 0                ; 0                 ; 0                ; 0                ; 0                ; 0                ; 0                ; 0                ; 0                 ; 0                ; 1                ;
; estadoAtual.SL22  ; 0                ; 0                 ; 0                ; 0                ; 0                ; 0                ; 0                ; 1                ; 0                ; 0                ; 0                ; 0                ; 0                ; 0                ; 0                ; 0                ; 0                ; 0                 ; 0                ; 0                ; 0                ; 0                 ; 0                ; 0                ; 0                 ; 0                ; 0                ; 0                ; 0                ; 0                ; 0                ; 0                 ; 0                ; 1                ;
; estadoAtual.SL23  ; 0                ; 0                 ; 0                ; 0                ; 0                ; 0                ; 1                ; 0                ; 0                ; 0                ; 0                ; 0                ; 0                ; 0                ; 0                ; 0                ; 0                ; 0                 ; 0                ; 0                ; 0                ; 0                 ; 0                ; 0                ; 0                 ; 0                ; 0                ; 0                ; 0                ; 0                ; 0                ; 0                 ; 0                ; 1                ;
; estadoAtual.SL24  ; 0                ; 0                 ; 0                ; 0                ; 0                ; 1                ; 0                ; 0                ; 0                ; 0                ; 0                ; 0                ; 0                ; 0                ; 0                ; 0                ; 0                ; 0                 ; 0                ; 0                ; 0                ; 0                 ; 0                ; 0                ; 0                 ; 0                ; 0                ; 0                ; 0                ; 0                ; 0                ; 0                 ; 0                ; 1                ;
; estadoAtual.SL25  ; 0                ; 0                 ; 0                ; 0                ; 1                ; 0                ; 0                ; 0                ; 0                ; 0                ; 0                ; 0                ; 0                ; 0                ; 0                ; 0                ; 0                ; 0                 ; 0                ; 0                ; 0                ; 0                 ; 0                ; 0                ; 0                 ; 0                ; 0                ; 0                ; 0                ; 0                ; 0                ; 0                 ; 0                ; 1                ;
; estadoAtual.SL26  ; 0                ; 0                 ; 0                ; 1                ; 0                ; 0                ; 0                ; 0                ; 0                ; 0                ; 0                ; 0                ; 0                ; 0                ; 0                ; 0                ; 0                ; 0                 ; 0                ; 0                ; 0                ; 0                 ; 0                ; 0                ; 0                 ; 0                ; 0                ; 0                ; 0                ; 0                ; 0                ; 0                 ; 0                ; 1                ;
; estadoAtual.SL27  ; 0                ; 0                 ; 1                ; 0                ; 0                ; 0                ; 0                ; 0                ; 0                ; 0                ; 0                ; 0                ; 0                ; 0                ; 0                ; 0                ; 0                ; 0                 ; 0                ; 0                ; 0                ; 0                 ; 0                ; 0                ; 0                 ; 0                ; 0                ; 0                ; 0                ; 0                ; 0                ; 0                 ; 0                ; 1                ;
; estadoAtual.SL27a ; 0                ; 1                 ; 0                ; 0                ; 0                ; 0                ; 0                ; 0                ; 0                ; 0                ; 0                ; 0                ; 0                ; 0                ; 0                ; 0                ; 0                ; 0                 ; 0                ; 0                ; 0                ; 0                 ; 0                ; 0                ; 0                 ; 0                ; 0                ; 0                ; 0                ; 0                ; 0                ; 0                 ; 0                ; 1                ;
; estadoAtual.SL28  ; 1                ; 0                 ; 0                ; 0                ; 0                ; 0                ; 0                ; 0                ; 0                ; 0                ; 0                ; 0                ; 0                ; 0                ; 0                ; 0                ; 0                ; 0                 ; 0                ; 0                ; 0                ; 0                 ; 0                ; 0                ; 0                 ; 0                ; 0                ; 0                ; 0                ; 0                ; 0                ; 0                 ; 0                ; 1                ;
+-------------------+------------------+-------------------+------------------+------------------+------------------+------------------+------------------+------------------+------------------+------------------+------------------+------------------+------------------+------------------+------------------+------------------+------------------+-------------------+------------------+------------------+------------------+-------------------+------------------+------------------+-------------------+------------------+------------------+------------------+------------------+------------------+------------------+-------------------+------------------+------------------+


+--------------------------------------------------------------------------------+
; Registers Removed During Synthesis                                             ;
+---------------------------------------+----------------------------------------+
; Register name                         ; Reason for Removal                     ;
+---------------------------------------+----------------------------------------+
; estadoAtual.SL24                      ; Stuck at GND due to stuck port data_in ;
; estadoAtual.SL25                      ; Stuck at GND due to stuck port data_in ;
; Total Number of Removed Registers = 2 ;                                        ;
+---------------------------------------+----------------------------------------+


+---------------------------------------------------------------------------------------+
; Removed Registers Triggering Further Register Optimizations                           ;
+------------------+---------------------------+----------------------------------------+
; Register name    ; Reason for Removal        ; Registers Removed due to This Register ;
+------------------+---------------------------+----------------------------------------+
; estadoAtual.SL24 ; Stuck at GND              ; estadoAtual.SL25                       ;
;                  ; due to stuck port data_in ;                                        ;
+------------------+---------------------------+----------------------------------------+


+------------------------------------------------------+
; General Register Statistics                          ;
+----------------------------------------------+-------+
; Statistic                                    ; Value ;
+----------------------------------------------+-------+
; Total registers                              ; 32    ;
; Number of registers using Synchronous Clear  ; 0     ;
; Number of registers using Synchronous Load   ; 0     ;
; Number of registers using Asynchronous Clear ; 32    ;
; Number of registers using Asynchronous Load  ; 0     ;
; Number of registers using Clock Enable       ; 0     ;
; Number of registers using Preset             ; 0     ;
+----------------------------------------------+-------+


+------------------------------------------------------------------------------------------------------------------------------------------+
; Multiplexer Restructuring Statistics (Restructuring Performed)                                                                           ;
+--------------------+-----------+---------------+----------------------+------------------------+------------+----------------------------+
; Multiplexer Inputs ; Bus Width ; Baseline Area ; Area if Restructured ; Saving if Restructured ; Registered ; Example Multiplexer Output ;
+--------------------+-----------+---------------+----------------------+------------------------+------------+----------------------------+
; 4:1                ; 2 bits    ; 4 LEs         ; 4 LEs                ; 0 LEs                  ; No         ; |blocoControle|Selector3   ;
; 4:1                ; 2 bits    ; 4 LEs         ; 4 LEs                ; 0 LEs                  ; No         ; |blocoControle|Selector22  ;
; 4:1                ; 2 bits    ; 4 LEs         ; 4 LEs                ; 0 LEs                  ; No         ; |blocoControle|Selector24  ;
+--------------------+-----------+---------------+----------------------+------------------------+------------+----------------------------+


+-----------------------------------------------------+
; Post-Synthesis Netlist Statistics for Top Partition ;
+-----------------------+-----------------------------+
; Type                  ; Count                       ;
+-----------------------+-----------------------------+
; boundary_port         ; 55                          ;
; cycloneiii_ff         ; 32                          ;
;     CLR               ; 32                          ;
; cycloneiii_lcell_comb ; 23                          ;
;     normal            ; 23                          ;
;         0 data inputs ; 2                           ;
;         1 data inputs ; 1                           ;
;         2 data inputs ; 13                          ;
;         3 data inputs ; 3                           ;
;         4 data inputs ; 4                           ;
;                       ;                             ;
; Max LUT depth         ; 2.00                        ;
; Average LUT depth     ; 0.90                        ;
+-----------------------+-----------------------------+


+-------------------------------+
; Elapsed Time Per Partition    ;
+----------------+--------------+
; Partition Name ; Elapsed Time ;
+----------------+--------------+
; Top            ; 00:00:01     ;
+----------------+--------------+


+-------------------------------+
; Analysis & Synthesis Messages ;
+-------------------------------+
Info: *******************************************************************
Info: Running Quartus Prime Analysis & Synthesis
    Info: Version 18.1.0 Build 625 09/12/2018 SJ Lite Edition
    Info: Processing started: Wed Dec 02 15:39:54 2020
Info: Command: quartus_map --read_settings_files=on --write_settings_files=off blocoControle -c blocoControle
Warning (18236): Number of processors has not been specified which may cause overloading on shared machines.  Set the global assignment NUM_PARALLEL_PROCESSORS in your QSF to an appropriate value for best performance.
Info (20030): Parallel compilation is enabled and will use 12 of the 12 processors detected
Info (12021): Found 2 design units, including 1 entities, in source file blococontrole.vhd
    Info (12022): Found design unit 1: blocoControle-FSM File: C:/Users/Arthur/Desktop/blocoControle/blocoControle.vhd Line: 21
    Info (12023): Found entity 1: blocoControle File: C:/Users/Arthur/Desktop/blocoControle/blocoControle.vhd Line: 5
Info (12021): Found 1 design units, including 0 entities, in source file pkg_estado.vhd
    Info (12022): Found design unit 1: pkg_Estado File: C:/Users/Arthur/Desktop/blocoControle/pkg_Estado.vhd Line: 1
Info (12127): Elaborating entity "blocoControle" for the top level hierarchy
Warning (10541): VHDL Signal Declaration warning at blocoControle.vhd(15): used implicit default value for signal "cmdResetCarta" because signal was never assigned a value or an explicit default value. Use of implicit default value may introduce unintended design optimizations. File: C:/Users/Arthur/Desktop/blocoControle/blocoControle.vhd Line: 15
Warning (10541): VHDL Signal Declaration warning at blocoControle.vhd(17): used implicit default value for signal "testEstadoAtual" because signal was never assigned a value or an explicit default value. Use of implicit default value may introduce unintended design optimizations. File: C:/Users/Arthur/Desktop/blocoControle/blocoControle.vhd Line: 17
Warning (10492): VHDL Process Statement warning at blocoControle.vhd(52): signal "sttIMenor13" is read inside the Process Statement but isn't in the Process Statement's sensitivity list File: C:/Users/Arthur/Desktop/blocoControle/blocoControle.vhd Line: 52
Warning (10492): VHDL Process Statement warning at blocoControle.vhd(178): signal "addCarta" is read inside the Process Statement but isn't in the Process Statement's sensitivity list File: C:/Users/Arthur/Desktop/blocoControle/blocoControle.vhd Line: 178
Warning (13024): Output pins are stuck at VCC or GND
    Warning (13410): Pin "cmdResetCarta" is stuck at GND File: C:/Users/Arthur/Desktop/blocoControle/blocoControle.vhd Line: 16
    Warning (13410): Pin "testEstadoAtual.SL00" is stuck at VCC File: C:/Users/Arthur/Desktop/blocoControle/blocoControle.vhd Line: 17
    Warning (13410): Pin "testEstadoAtual.SL01" is stuck at GND File: C:/Users/Arthur/Desktop/blocoControle/blocoControle.vhd Line: 17
    Warning (13410): Pin "testEstadoAtual.SL01a" is stuck at GND File: C:/Users/Arthur/Desktop/blocoControle/blocoControle.vhd Line: 17
    Warning (13410): Pin "testEstadoAtual.SL02" is stuck at GND File: C:/Users/Arthur/Desktop/blocoControle/blocoControle.vhd Line: 17
    Warning (13410): Pin "testEstadoAtual.SL03" is stuck at GND File: C:/Users/Arthur/Desktop/blocoControle/blocoControle.vhd Line: 17
    Warning (13410): Pin "testEstadoAtual.SL04" is stuck at GND File: C:/Users/Arthur/Desktop/blocoControle/blocoControle.vhd Line: 17
    Warning (13410): Pin "testEstadoAtual.SL05" is stuck at GND File: C:/Users/Arthur/Desktop/blocoControle/blocoControle.vhd Line: 17
    Warning (13410): Pin "testEstadoAtual.SL06" is stuck at GND File: C:/Users/Arthur/Desktop/blocoControle/blocoControle.vhd Line: 17
    Warning (13410): Pin "testEstadoAtual.SL07" is stuck at GND File: C:/Users/Arthur/Desktop/blocoControle/blocoControle.vhd Line: 17
    Warning (13410): Pin "testEstadoAtual.SL07a" is stuck at GND File: C:/Users/Arthur/Desktop/blocoControle/blocoControle.vhd Line: 17
    Warning (13410): Pin "testEstadoAtual.SL08" is stuck at GND File: C:/Users/Arthur/Desktop/blocoControle/blocoControle.vhd Line: 17
    Warning (13410): Pin "testEstadoAtual.SL09" is stuck at GND File: C:/Users/Arthur/Desktop/blocoControle/blocoControle.vhd Line: 17
    Warning (13410): Pin "testEstadoAtual.SL09a" is stuck at GND File: C:/Users/Arthur/Desktop/blocoControle/blocoControle.vhd Line: 17
    Warning (13410): Pin "testEstadoAtual.SL10" is stuck at GND File: C:/Users/Arthur/Desktop/blocoControle/blocoControle.vhd Line: 17
    Warning (13410): Pin "testEstadoAtual.SL11" is stuck at GND File: C:/Users/Arthur/Desktop/blocoControle/blocoControle.vhd Line: 17
    Warning (13410): Pin "testEstadoAtual.SL12" is stuck at GND File: C:/Users/Arthur/Desktop/blocoControle/blocoControle.vhd Line: 17
    Warning (13410): Pin "testEstadoAtual.SL12a" is stuck at GND File: C:/Users/Arthur/Desktop/blocoControle/blocoControle.vhd Line: 17
    Warning (13410): Pin "testEstadoAtual.SL13" is stuck at GND File: C:/Users/Arthur/Desktop/blocoControle/blocoControle.vhd Line: 17
    Warning (13410): Pin "testEstadoAtual.SL14" is stuck at GND File: C:/Users/Arthur/Desktop/blocoControle/blocoControle.vhd Line: 17
    Warning (13410): Pin "testEstadoAtual.SL15" is stuck at GND File: C:/Users/Arthur/Desktop/blocoControle/blocoControle.vhd Line: 17
    Warning (13410): Pin "testEstadoAtual.SL16" is stuck at GND File: C:/Users/Arthur/Desktop/blocoControle/blocoControle.vhd Line: 17
    Warning (13410): Pin "testEstadoAtual.SL17" is stuck at GND File: C:/Users/Arthur/Desktop/blocoControle/blocoControle.vhd Line: 17
    Warning (13410): Pin "testEstadoAtual.SL18" is stuck at GND File: C:/Users/Arthur/Desktop/blocoControle/blocoControle.vhd Line: 17
    Warning (13410): Pin "testEstadoAtual.SL19" is stuck at GND File: C:/Users/Arthur/Desktop/blocoControle/blocoControle.vhd Line: 17
    Warning (13410): Pin "testEstadoAtual.SL20" is stuck at GND File: C:/Users/Arthur/Desktop/blocoControle/blocoControle.vhd Line: 17
    Warning (13410): Pin "testEstadoAtual.SL21" is stuck at GND File: C:/Users/Arthur/Desktop/blocoControle/blocoControle.vhd Line: 17
    Warning (13410): Pin "testEstadoAtual.SL22" is stuck at GND File: C:/Users/Arthur/Desktop/blocoControle/blocoControle.vhd Line: 17
    Warning (13410): Pin "testEstadoAtual.SL23" is stuck at GND File: C:/Users/Arthur/Desktop/blocoControle/blocoControle.vhd Line: 17
    Warning (13410): Pin "testEstadoAtual.SL24" is stuck at GND File: C:/Users/Arthur/Desktop/blocoControle/blocoControle.vhd Line: 17
    Warning (13410): Pin "testEstadoAtual.SL25" is stuck at GND File: C:/Users/Arthur/Desktop/blocoControle/blocoControle.vhd Line: 17
    Warning (13410): Pin "testEstadoAtual.SL26" is stuck at GND File: C:/Users/Arthur/Desktop/blocoControle/blocoControle.vhd Line: 17
    Warning (13410): Pin "testEstadoAtual.SL27" is stuck at GND File: C:/Users/Arthur/Desktop/blocoControle/blocoControle.vhd Line: 17
    Warning (13410): Pin "testEstadoAtual.SL27a" is stuck at GND File: C:/Users/Arthur/Desktop/blocoControle/blocoControle.vhd Line: 17
    Warning (13410): Pin "testEstadoAtual.SL28" is stuck at GND File: C:/Users/Arthur/Desktop/blocoControle/blocoControle.vhd Line: 17
Info (286030): Timing-Driven Synthesis is running
Info (16010): Generating hard_block partition "hard_block:auto_generated_inst"
    Info (16011): Adding 0 node(s), including 0 DDIO, 0 PLL, 0 transceiver and 0 LCELL
Warning (21074): Design contains 3 input pin(s) that do not drive logic
    Warning (15610): No output dependent on input pin "readd" File: C:/Users/Arthur/Desktop/blocoControle/blocoControle.vhd Line: 10
    Warning (15610): No output dependent on input pin "sttAddCarta" File: C:/Users/Arthur/Desktop/blocoControle/blocoControle.vhd Line: 13
    Warning (15610): No output dependent on input pin "addCarta" File: C:/Users/Arthur/Desktop/blocoControle/blocoControle.vhd Line: 12
Info (21057): Implemented 93 device resources after synthesis - the final resource count might be different
    Info (21058): Implemented 11 input pins
    Info (21059): Implemented 44 output pins
    Info (21061): Implemented 38 logic cells
Info: Quartus Prime Analysis & Synthesis was successful. 0 errors, 45 warnings
    Info: Peak virtual memory: 4848 megabytes
    Info: Processing ended: Wed Dec 02 15:40:07 2020
    Info: Elapsed time: 00:00:13
    Info: Total CPU time (on all processors): 00:00:23


